----------------------------------------------------------------
Sat Apr 28 16:15:55 EDT 2018:
Booting Derby version The Apache Software Foundation - Apache Derby - 10.12.1.1 - (1704137): instance a816c00e-0163-0de5-d370-000006da3258 
on database directory /eecs/home/mymsong/workspace/BrickAndMortars/MyDB with class loader java.net.FactoryURLClassLoader@18a8c6df 
Loaded from file:/eecs/home/mymsong/workspace/db-derby-10.12.1.1-bin/lib/derby.jar
java.vendor=Oracle Corporation
java.runtime.version=1.8.0_144-b01
user.dir=/eecs/home/mymsong/workspace/BrickAndMortars
os.name=Linux
os.arch=amd64
os.version=3.10.0-693.21.1.el7.x86_64
derby.system.home=null
Database Class Loader started - derby.database.classpath=''
----------------------------------------------------------------
Sat Apr 28 16:35:58 EDT 2018:
Shutting down instance a816c00e-0163-0de5-d370-000006da3258 on database directory /eecs/home/mymsong/workspace/BrickAndMortars/MyDB with class loader java.net.FactoryURLClassLoader@18a8c6df 
----------------------------------------------------------------
Sat Apr 28 17:27:17 EDT 2018:
Booting Derby version The Apache Software Foundation - Apache Derby - 10.12.1.1 - (1704137): instance 90304082-0163-0de5-d370-000006da3258 
on database directory /eecs/home/mymsong/workspace/BrickAndMortars/MyDB with class loader java.net.FactoryURLClassLoader@18a8c6df 
Loaded from file:/eecs/home/mymsong/workspace/db-derby-10.12.1.1-bin/lib/derby.jar
java.vendor=Oracle Corporation
java.runtime.version=1.8.0_144-b01
user.dir=/eecs/home/mymsong/workspace/BrickAndMortars
os.name=Linux
os.arch=amd64
os.version=3.10.0-693.21.1.el7.x86_64
derby.system.home=null
Database Class Loader started - derby.database.classpath=''
----------------------------------------------------------------
Sat Apr 28 17:28:51 EDT 2018:
Shutting down instance 90304082-0163-0de5-d370-000006da3258 on database directory /eecs/home/mymsong/workspace/BrickAndMortars/MyDB with class loader java.net.FactoryURLClassLoader@18a8c6df 
